<?xml version="1.0" encoding="UTF-8"?>
<!-- Generated by org.testng.reporters.JUnitXMLReporter -->
<testsuite ignored="60" hostname="LAPTOP-QKCURUKN" failures="1" tests="1" name="Default test" time="36.966" errors="0" timestamp="2023-12-22T14:37:51 IST">
  <testcase classname="com.quantum.Admin$LogIn" name="VerifyUserDetailPage" time="36.825">
    <failure type="org.openqa.selenium.NoSuchElementException" message="no such element: Unable to locate element: {&amp;quot;method&amp;quot;:&amp;quot;xpath&amp;quot;,&amp;quot;selector&amp;quot;:&amp;quot;//*[@id=&amp;quot;root&amp;quot;]/div/div[3]/div/div/div[1]/div[2]/div/table/tbody/tr[1]/td[8]/button[1]&amp;quot;}
  (Session info: chrome=120.0.6099.129)
For documentation on this error, please visit: https://www.seleniumhq.org/exceptions/no_such_element.html
Build info: version: &amp;apos;3.141.59&amp;apos;, revision: &amp;apos;e82be7d358&amp;apos;, time: &amp;apos;2018-11-14T08:25:53&amp;apos;
System info: host: &amp;apos;LAPTOP-QKCURUKN&amp;apos;, ip: &amp;apos;172.20.10.4&amp;apos;, os.name: &amp;apos;Windows 11&amp;apos;, os.arch: &amp;apos;amd64&amp;apos;, os.version: &amp;apos;10.0&amp;apos;, java.version: &amp;apos;18.0.1&amp;apos;
Driver info: org.openqa.selenium.chrome.ChromeDriver
Capabilities {acceptInsecureCerts: false, browserName: chrome, browserVersion: 120.0.6099.129, chrome: {chromedriverVersion: 119.0.6045.105 (38c72552c5e..., userDataDir: C:\Users\SAURABH\AppData\Lo...}, fedcm:accounts: true, goog:chromeOptions: {debuggerAddress: localhost:53317}, javascriptEnabled: true, networkConnectionEnabled: false, pageLoadStrategy: normal, platform: WINDOWS, platformName: WINDOWS, proxy: Proxy(), setWindowRect: true, strictFileInteractability: false, timeouts: {implicit: 0, pageLoad: 300000, script: 30000}, unhandledPromptBehavior: dismiss and notify, webauthn:extension:credBlob: true, webauthn:extension:largeBlob: true, webauthn:extension:minPinLength: true, webauthn:extension:prf: true, webauthn:virtualAuthenticators: true}
Session ID: 0fdfd0c7ece0f9f74169cf9e353106ef
*** Element info: {Using=xpath, value=//*[@id=&amp;quot;root&amp;quot;]/div/div[3]/div/div/div[1]/div[2]/div/table/tbody/tr[1]/td[8]/button[1]}">
      <![CDATA[org.openqa.selenium.NoSuchElementException: no such element: Unable to locate element: {"method":"xpath","selector":"//*[@id="root"]/div/div[3]/div/div/div[1]/div[2]/div/table/tbody/tr[1]/td[8]/button[1]"}
  (Session info: chrome=120.0.6099.129)
For documentation on this error, please visit: https://www.seleniumhq.org/exceptions/no_such_element.html
Build info: version: '3.141.59', revision: 'e82be7d358', time: '2018-11-14T08:25:53'
System info: host: 'LAPTOP-QKCURUKN', ip: '172.20.10.4', os.name: 'Windows 11', os.arch: 'amd64', os.version: '10.0', java.version: '18.0.1'
Driver info: org.openqa.selenium.chrome.ChromeDriver
Capabilities {acceptInsecureCerts: false, browserName: chrome, browserVersion: 120.0.6099.129, chrome: {chromedriverVersion: 119.0.6045.105 (38c72552c5e..., userDataDir: C:\Users\SAURABH\AppData\Lo...}, fedcm:accounts: true, goog:chromeOptions: {debuggerAddress: localhost:53317}, javascriptEnabled: true, networkConnectionEnabled: false, pageLoadStrategy: normal, platform: WINDOWS, platformName: WINDOWS, proxy: Proxy(), setWindowRect: true, strictFileInteractability: false, timeouts: {implicit: 0, pageLoad: 300000, script: 30000}, unhandledPromptBehavior: dismiss and notify, webauthn:extension:credBlob: true, webauthn:extension:largeBlob: true, webauthn:extension:minPinLength: true, webauthn:extension:prf: true, webauthn:virtualAuthenticators: true}
Session ID: 0fdfd0c7ece0f9f74169cf9e353106ef
*** Element info: {Using=xpath, value=//*[@id="root"]/div/div[3]/div/div/div[1]/div[2]/div/table/tbody/tr[1]/td[8]/button[1]}
at java.base/jdk.internal.reflect.DirectConstructorHandleAccessor.newInstance(DirectConstructorHandleAccessor.java:67)
at java.base/java.lang.reflect.Constructor.newInstanceWithCaller(Constructor.java:499)
at java.base/java.lang.reflect.Constructor.newInstance(Constructor.java:483)
at org.openqa.selenium.remote.http.W3CHttpResponseCodec.createException(W3CHttpResponseCodec.java:187)
at org.openqa.selenium.remote.http.W3CHttpResponseCodec.decode(W3CHttpResponseCodec.java:122)
at org.openqa.selenium.remote.http.W3CHttpResponseCodec.decode(W3CHttpResponseCodec.java:49)
at org.openqa.selenium.remote.HttpCommandExecutor.execute(HttpCommandExecutor.java:158)
at org.openqa.selenium.remote.service.DriverCommandExecutor.execute(DriverCommandExecutor.java:83)
at org.openqa.selenium.remote.RemoteWebDriver.execute(RemoteWebDriver.java:552)
at org.openqa.selenium.remote.RemoteWebDriver.findElement(RemoteWebDriver.java:323)
at org.openqa.selenium.remote.RemoteWebDriver.findElementByXPath(RemoteWebDriver.java:428)
at org.openqa.selenium.By$ByXPath.findElement(By.java:353)
at org.openqa.selenium.remote.RemoteWebDriver.findElement(RemoteWebDriver.java:315)
at com.quantum.Admin$LogIn.VerifyUserDetailPage(Admin.java:1299)
at java.base/jdk.internal.reflect.DirectMethodHandleAccessor.invoke(DirectMethodHandleAccessor.java:104)
at java.base/java.lang.reflect.Method.invoke(Method.java:577)
at org.testng.internal.invokers.MethodInvocationHelper.invokeMethod(MethodInvocationHelper.java:139)
at org.testng.internal.invokers.TestInvoker.invokeMethod(TestInvoker.java:664)
at org.testng.internal.invokers.TestInvoker.invokeTestMethod(TestInvoker.java:227)
at org.testng.internal.invokers.MethodRunner.runInSequence(MethodRunner.java:50)
at org.testng.internal.invokers.TestInvoker$MethodInvocationAgent.invoke(TestInvoker.java:957)
at org.testng.internal.invokers.TestInvoker.invokeTestMethods(TestInvoker.java:200)
at org.testng.internal.invokers.TestMethodWorker.invokeTestMethods(TestMethodWorker.java:148)
at org.testng.internal.invokers.TestMethodWorker.run(TestMethodWorker.java:128)
at java.base/java.util.ArrayList.forEach(ArrayList.java:1511)
at org.testng.TestRunner.privateRun(TestRunner.java:848)
at org.testng.TestRunner.run(TestRunner.java:621)
at org.testng.SuiteRunner.runTest(SuiteRunner.java:443)
at org.testng.SuiteRunner.runSequentially(SuiteRunner.java:437)
at org.testng.SuiteRunner.privateRun(SuiteRunner.java:397)
at org.testng.SuiteRunner.run(SuiteRunner.java:336)
at org.testng.SuiteRunnerWorker.runSuite(SuiteRunnerWorker.java:52)
at org.testng.SuiteRunnerWorker.run(SuiteRunnerWorker.java:95)
at org.testng.TestNG.runSuitesSequentially(TestNG.java:1280)
at org.testng.TestNG.runSuitesLocally(TestNG.java:1200)
at org.testng.TestNG.runSuites(TestNG.java:1114)
at org.testng.TestNG.run(TestNG.java:1082)
at org.testng.remote.AbstractRemoteTestNG.run(AbstractRemoteTestNG.java:115)
at org.testng.remote.RemoteTestNG.initAndRun(RemoteTestNG.java:251)
at org.testng.remote.RemoteTestNG.main(RemoteTestNG.java:77)
]]>
    </failure>
  </testcase> <!-- VerifyUserDetailPage -->
  <testcase classname="com.quantum.Admin$LogIn" name="EditUserLastName" time="0.0">
    <ignored/>
  </testcase> <!-- EditUserLastName -->
  <testcase classname="com.quantum.Admin$LogIn" name="DeleteCancelPrompt" time="0.0">
    <ignored/>
  </testcase> <!-- DeleteCancelPrompt -->
  <testcase classname="com.quantum.Admin$LogIn" name="VerifyLoginFields" time="0.0">
    <ignored/>
  </testcase> <!-- VerifyLoginFields -->
  <testcase classname="com.quantum.Admin$LogIn" name="RecieveMessage" time="0.0">
    <ignored/>
  </testcase> <!-- RecieveMessage -->
  <testcase classname="com.quantum.Admin$LogIn" name="RefreshCategoryPage" time="0.0">
    <ignored/>
  </testcase> <!-- RefreshCategoryPage -->
  <testcase classname="com.quantum.Admin$LogIn" name="ViewCategoryPage" time="0.0">
    <ignored/>
  </testcase> <!-- ViewCategoryPage -->
  <testcase classname="com.quantum.Admin$LogIn" name="HomepageaftersuccessfulLogin" time="0.0">
    <ignored/>
  </testcase> <!-- HomepageaftersuccessfulLogin -->
  <testcase classname="com.quantum.Admin$LogIn" name="OrderEnquiry" time="0.0">
    <ignored/>
  </testcase> <!-- OrderEnquiry -->
  <testcase classname="com.quantum.Admin$LogIn" name="AddFAQ" time="0.0">
    <ignored/>
  </testcase> <!-- AddFAQ -->
  <testcase classname="com.quantum.Admin$LogIn" name="DeleteUser" time="0.0">
    <ignored/>
  </testcase> <!-- DeleteUser -->
  <testcase classname="com.quantum.Admin$LogIn" name="EditFAQ" time="0.0">
    <ignored/>
  </testcase> <!-- EditFAQ -->
  <testcase classname="com.quantum.Admin$LogIn" name="VerifyLoginBtn" time="0.0">
    <ignored/>
  </testcase> <!-- VerifyLoginBtn -->
  <testcase classname="com.quantum.Admin$LogIn" name="SuccessfulLogoutt" time="0.0">
    <ignored/>
  </testcase> <!-- SuccessfulLogoutt -->
  <testcase classname="com.quantum.Admin$LogIn" name="SearchCategoryPage" time="0.0">
    <ignored/>
  </testcase> <!-- SearchCategoryPage -->
  <testcase classname="com.quantum.Admin$LogIn" name="EditUserEmail" time="0.0">
    <ignored/>
  </testcase> <!-- EditUserEmail -->
  <testcase classname="com.quantum.Admin$LogIn" name="DeleteCategory" time="0.0">
    <ignored/>
  </testcase> <!-- DeleteCategory -->
  <testcase classname="com.quantum.Admin$LogIn" name="EditCategory" time="0.0">
    <ignored/>
  </testcase> <!-- EditCategory -->
  <testcase classname="com.quantum.Admin$LogIn" name="EditDistributorName" time="0.0">
    <ignored/>
  </testcase> <!-- EditDistributorName -->
  <testcase classname="com.quantum.Admin$LogIn" name="VerifyInvalidCredentails" time="0.0">
    <ignored/>
  </testcase> <!-- VerifyInvalidCredentails -->
  <testcase classname="com.quantum.Admin$LogIn" name="DeleteFAQ" time="0.0">
    <ignored/>
  </testcase> <!-- DeleteFAQ -->
  <testcase classname="com.quantum.Admin$LogIn" name="EditDistributorMobile" time="0.0">
    <ignored/>
  </testcase> <!-- EditDistributorMobile -->
  <testcase classname="com.quantum.Admin$LogIn" name="PaginationPageOrder" time="0.0">
    <ignored/>
  </testcase> <!-- PaginationPageOrder -->
  <testcase classname="com.quantum.Admin$LogIn" name="VerifyPasswordFields" time="0.0">
    <ignored/>
  </testcase> <!-- VerifyPasswordFields -->
  <testcase classname="com.quantum.Admin$LogIn" name="EditUserAdminRole" time="0.0">
    <ignored/>
  </testcase> <!-- EditUserAdminRole -->
  <testcase classname="com.quantum.Admin$LogIn" name="AcessWithoutLoginForLogin" time="0.0">
    <ignored/>
  </testcase> <!-- AcessWithoutLoginForLogin -->
  <testcase classname="com.quantum.Admin$LogIn" name="AddingProduct" time="0.0">
    <ignored/>
  </testcase> <!-- AddingProduct -->
  <testcase classname="com.quantum.Admin$LogIn" name="VerifyvalidCredentails" time="0.0">
    <ignored/>
  </testcase> <!-- VerifyvalidCredentails -->
  <testcase classname="com.quantum.Admin$LogIn" name="AddCategoryWithDuplicateName" time="0.0">
    <ignored/>
  </testcase> <!-- AddCategoryWithDuplicateName -->
  <testcase classname="com.quantum.Admin$LogIn" name="LogoutfromOrderPage" time="0.0">
    <ignored/>
  </testcase> <!-- LogoutfromOrderPage -->
  <testcase classname="com.quantum.Admin$LogIn" name="setUp" time="0.0">
    <ignored/>
  </testcase> <!-- setUp -->
  <testcase classname="com.quantum.Admin$LogIn" name="AddMultipleCategory" time="0.0">
    <ignored/>
  </testcase> <!-- AddMultipleCategory -->
  <testcase classname="com.quantum.Admin$LogIn" name="EnableUser" time="0.0">
    <ignored/>
  </testcase> <!-- EnableUser -->
  <testcase classname="com.quantum.Admin$LogIn" name="FilterDeliverOrder" time="0.0">
    <ignored/>
  </testcase> <!-- FilterDeliverOrder -->
  <testcase classname="com.quantum.Admin$LogIn" name="AddUser" time="0.0">
    <ignored/>
  </testcase> <!-- AddUser -->
  <testcase classname="com.quantum.Admin$LogIn" name="EditCategorywithSpecailCharacters" time="0.0">
    <ignored/>
  </testcase> <!-- EditCategorywithSpecailCharacters -->
  <testcase classname="com.quantum.Admin$LogIn" name="SuccessfulLogin" time="0.0">
    <ignored/>
  </testcase> <!-- SuccessfulLogin -->
  <testcase classname="com.quantum.Admin$LogIn" name="AddingProductwithHighImage" time="0.0">
    <ignored/>
  </testcase> <!-- AddingProductwithHighImage -->
  <testcase classname="com.quantum.Admin$LogIn" name="SearchUser" time="0.0">
    <ignored/>
  </testcase> <!-- SearchUser -->
  <testcase classname="com.quantum.Admin$LogIn" name="UserPage" time="0.0">
    <ignored/>
  </testcase> <!-- UserPage -->
  <testcase classname="com.quantum.Admin$LogIn" name="SuccessfulLoginn" time="0.0">
    <ignored/>
  </testcase> <!-- SuccessfulLoginn -->
  <testcase classname="com.quantum.Admin$LogIn" name="GeneralEnquiry" time="0.0">
    <ignored/>
  </testcase> <!-- GeneralEnquiry -->
  <testcase classname="com.quantum.Admin$LogIn" name="EditCategorywithEmptyName" time="0.0">
    <ignored/>
  </testcase> <!-- EditCategorywithEmptyName -->
  <testcase classname="com.quantum.Admin$LogIn" name="AddCategoryWithEmptyName" time="0.0">
    <ignored/>
  </testcase> <!-- AddCategoryWithEmptyName -->
  <testcase classname="com.quantum.Admin$LogIn" name="DeleteProduct" time="0.0">
    <ignored/>
  </testcase> <!-- DeleteProduct -->
  <testcase classname="com.quantum.Admin$LogIn" name="FilterPaidOrder" time="0.0">
    <ignored/>
  </testcase> <!-- FilterPaidOrder -->
  <testcase classname="com.quantum.Admin$LogIn" name="DisableUser" time="0.0">
    <ignored/>
  </testcase> <!-- DisableUser -->
  <testcase classname="com.quantum.Admin$LogIn" name="InactiveAccountLogin" time="0.0">
    <ignored/>
  </testcase> <!-- InactiveAccountLogin -->
  <testcase classname="com.quantum.Admin$LogIn" name="UnSuccessfulLogin" time="0.0">
    <ignored/>
  </testcase> <!-- UnSuccessfulLogin -->
  <testcase classname="com.quantum.Admin$LogIn" name="EditUserFirstName" time="0.0">
    <ignored/>
  </testcase> <!-- EditUserFirstName -->
  <testcase classname="com.quantum.Admin$LogIn" name="VerifyAccessHomepageWithoutLogin" time="0.0">
    <ignored/>
  </testcase> <!-- VerifyAccessHomepageWithoutLogin -->
  <testcase classname="com.quantum.Admin$LogIn" name="EditDistributorEmail" time="0.0">
    <ignored/>
  </testcase> <!-- EditDistributorEmail -->
  <testcase classname="com.quantum.Admin$LogIn" name="SendMessage" time="0.0">
    <ignored/>
  </testcase> <!-- SendMessage -->
  <testcase classname="com.quantum.Admin$LogIn" name="SuccessfulLogout" time="0.0">
    <ignored/>
  </testcase> <!-- SuccessfulLogout -->
  <testcase classname="com.quantum.Admin$LogIn" name="EditProduct" time="0.0">
    <ignored/>
  </testcase> <!-- EditProduct -->
  <testcase classname="com.quantum.Admin$LogIn" name="OrderList" time="0.0">
    <ignored/>
  </testcase> <!-- OrderList -->
  <testcase classname="com.quantum.Admin$LogIn" name="OrderDetail" time="0.0">
    <ignored/>
  </testcase> <!-- OrderDetail -->
  <testcase classname="com.quantum.Admin$LogIn" name="FilterPendingOrder" time="0.0">
    <ignored/>
  </testcase> <!-- FilterPendingOrder -->
  <testcase classname="com.quantum.Admin$LogIn" name="EditUserMobile" time="0.0">
    <ignored/>
  </testcase> <!-- EditUserMobile -->
  <testcase classname="com.quantum.Admin$LogIn" name="SearchOrder" time="0.0">
    <ignored/>
  </testcase> <!-- SearchOrder -->
  <testcase classname="com.quantum.Admin$LogIn" name="AddNewCategory" time="0.0">
    <ignored/>
  </testcase> <!-- AddNewCategory -->
</testsuite> <!-- Default test -->
